2026-05-23 02:26:41 [INFO] [collection_engine.py:97] - Database process finished.
2026-05-23 02:26:41 [INFO] [collection_engine.py:98] - Analysis finished.
2026-05-23 02:26:41 [INFO] [ms_multi_process.py:76] - L2CacheParser process data finished, execute time is 0.001 s
2026-05-23 02:26:41 [INFO] [ms_multi_process.py:76] - ParsingPeripheralData process data finished, execute time is 0.001 s
2026-05-23 02:26:41 [INFO] [ms_multi_process.py:76] - ParsingAICPUData process data finished, execute time is 0.001 s
2026-05-23 02:26:41 [INFO] [ms_multi_process.py:76] - ParsingCtrlCPUData process data finished, execute time is 0.001 s
2026-05-23 02:26:41 [INFO] [ms_multi_process.py:76] - ParsingMemoryData process data finished, execute time is 0.001 s
2026-05-23 02:26:41 [INFO] [ms_multi_process.py:76] - ParsingCpuUsageData process data finished, execute time is 0.001 s
2026-05-23 02:26:41 [INFO] [ms_multi_process.py:76] - NonMiniLLCParser process data finished, execute time is 0.001 s
2026-05-23 02:26:41 [INFO] [ms_multi_process.py:76] - ParsingHBMData process data finished, execute time is 0.002 s
2026-05-23 02:26:41 [INFO] [ms_multi_process.py:76] - ParsingPcieData process data finished, execute time is 0.002 s
2026-05-23 02:26:41 [INFO] [ms_multi_process.py:76] - ParsingUBData process data finished, execute time is 0.001 s
2026-05-23 02:26:41 [INFO] [ms_multi_process.py:76] - ParsingFftsAICoreSampleData process data finished, execute time is 0.001 s
2026-05-23 02:26:41 [INFO] [ms_multi_process.py:76] - NpuMemParser process data finished, execute time is 0.001 s
2026-05-23 02:26:41 [INFO] [ms_multi_process.py:76] - NpuModuleMemParser process data finished, execute time is 0.001 s
2026-05-23 02:26:41 [INFO] [ms_multi_process.py:76] - FreqParser process data finished, execute time is 0.001 s
2026-05-23 02:26:41 [INFO] [ms_multi_process.py:76] - AicpuAddInfoParser process data finished, execute time is 0.001 s
2026-05-23 02:26:41 [INFO] [ms_multi_process.py:76] - CCUMissionParser process data finished, execute time is 0.001 s
2026-05-23 02:26:41 [INFO] [ms_multi_process.py:76] - CCUChannelParser process data finished, execute time is 0.001 s
2026-05-23 02:26:41 [INFO] [ms_multi_process.py:76] - BiuPerfChip6Parser process data finished, execute time is 0.001 s
2026-05-23 02:26:41 [INFO] [ms_multi_process.py:76] - SocPmuParser process data finished, execute time is 0.001 s
2026-05-23 02:26:41 [INFO] [ms_multi_process.py:76] - SocProfilerParser process data finished, execute time is 0.006 s
2026-05-23 02:26:41 [INFO] [ms_multi_process.py:76] - TstrackParser process data finished, execute time is 0.001 s
2026-05-23 02:26:41 [INFO] [ms_multi_process.py:76] - HCCLOperatorParser process data finished, execute time is 0.001 s
2026-05-23 02:26:41 [INFO] [msprof_c_interface.py:100] - Do not support parsing by msprof_analysis.so!
2026-05-23 02:26:41 [WARNING] [base_model.py:71] - Failed to connect database, please check database of step_trace. 
2026-05-23 02:26:41 [WARNING] [base_model.py:71] - Failed to connect database, please check database of step_trace. 
2026-05-23 02:26:41 [INFO] [profiling_scene.py:71] - Current scene of data is based on single_op
2026-05-23 02:26:41 [INFO] [ms_multi_process.py:76] - L2CacheCalculator process data finished, execute time is 0.001 s
2026-05-23 02:26:41 [INFO] [ms_multi_process.py:76] - SocPmuCalculator process data finished, execute time is 0.001 s
2026-05-23 02:26:41 [WARNING] [base_model.py:75] - Table TsBlockNum not found.
2026-05-23 02:26:41 [INFO] [ms_multi_process.py:76] - BlockNumCalculator process data finished, execute time is 0.003 s
2026-05-23 02:26:41 [WARNING] [log_base_parser.py:143] - 6 task items not found in host task
2026-05-23 02:26:41 [INFO] [ms_multi_process.py:76] - StarsLogCalCulator process data finished, execute time is 0.006 s
2026-05-23 02:26:41 [WARNING] [ffts_pmu_model.py:106] - ffts pmu block data is empty, no data found.
2026-05-23 02:26:41 [INFO] [ms_multi_process.py:76] - Chip6PmuCalculator process data finished, execute time is 0.008 s
2026-05-23 02:26:41 [WARNING] [sub_task_calculator.py:142] - calculate subtask failed, maybe the data is not in fftsplus mode
2026-05-23 02:26:41 [INFO] [ms_multi_process.py:76] - SubTaskCalculator process data finished, execute time is 0.002 s
2026-05-23 02:26:41 [INFO] [ascend_task_calculator.py:88] - No table AscendTask found, to generate it
2026-05-23 02:26:41 [WARNING] [device_task_collector.py:149] - no soc_log.db.SubtaskTime found
2026-05-23 02:26:41 [WARNING] [device_task_collector.py:159] - no soc_log.db.V5Task found
2026-05-23 02:26:41 [INFO] [ascend_task_generator.py:223] - Found 1 host device matched task, 4 top down task
2026-05-23 02:26:41 [INFO] [ms_multi_process.py:76] - AscendTaskCalculator process data finished, execute time is 0.005 s
2026-05-23 02:26:41 [INFO] [ms_multi_process.py:76] - HcclCalculator process data finished, execute time is 0.001 s
2026-05-23 02:26:41 [INFO] [ms_multi_process.py:76] - KfcCalculator process data finished, execute time is 0.001 s
2026-05-23 02:26:41 [INFO] [ms_multi_process.py:76] - ParseAiCoreOpSummaryCalculator process data finished, execute time is 0.001 s
2026-05-23 02:26:41 [INFO] [ms_multi_process.py:76] - MergeOpCounterCalculator process data finished, execute time is 0.001 s
2026-05-23 02:26:41 [INFO] [ms_multi_process.py:76] - OpSummaryOpSceneCalculator process data finished, execute time is 0.010 s
2026-05-23 02:26:41 [INFO] [ms_multi_process.py:76] - OpCounterOpSceneCalculator process data finished, execute time is 0.010 s
2026-05-23 02:26:41 [WARNING] [base_model.py:75] - Table V6BlockPmu not found.
2026-05-23 02:26:41 [WARNING] [msprof_export.py:568] - Unable to get freq data. Maybe the data is not collected, or the data may fail to be analyzed.
2026-05-23 02:26:41 [WARNING] [pipeline_overlap_viewer.py:85] - Both task data and hccl data are missing, no need to calculate the overlap.
2026-05-23 02:26:41 [WARNING] [msprof_export.py:568] - Unable to get msprof data. Maybe the data is not collected, or the data may fail to be analyzed.
2026-05-23 02:26:41 [INFO] [msprof_c_interface.py:56] - Data will be export by msprof_analysis.so!
2026-05-23 02:26:42 [WARNING] [file_manager.py:98] - Data has been analyzed, path is /home/tmp/asc-devkit/experiment/simt_experiment/fixed_shape_scatter_lxn/build/prof_scatter/PROF_000001_20260523022634265_00200967GLIFJHGQ/device_0, there are ['lowpower.db', 'step_trace.db', 'soc_log.db', 'kfc_info.db', 'metric_summary.db', 'ascend_task.db', 'ai_core_op_summary.db', 'op_counter.db'] in sqlite.
2026-05-23 02:26:42 [WARNING] [msprof_export.py:479] - File all_file.complete already exists. All data will be exported from db in sqlite. Path is /home/tmp/asc-devkit/experiment/simt_experiment/fixed_shape_scatter_lxn/build/prof_scatter/PROF_000001_20260523022634265_00200967GLIFJHGQ/device_0 
2026-05-23 02:26:42 [WARNING] [base_model.py:75] - Table step_trace_data not found.
2026-05-23 02:26:42 [WARNING] [base_model.py:75] - Table step_trace_data not found.
2026-05-23 02:26:42 [INFO] [profiling_scene.py:71] - Current scene of data is based on single_op
2026-05-23 02:26:42 [INFO] [ms_multi_process.py:76] - L2CacheCalculator process data finished, execute time is 0.001 s
2026-05-23 02:26:42 [INFO] [ms_multi_process.py:76] - SocPmuCalculator process data finished, execute time is 0.002 s
2026-05-23 02:26:42 [WARNING] [base_model.py:75] - Table TsBlockNum not found.
2026-05-23 02:26:42 [INFO] [ms_multi_process.py:76] - BlockNumCalculator process data finished, execute time is 0.003 s
2026-05-23 02:26:42 [INFO] [stars_log_parser.py:86] - The Table AcsqTask already exists in the soc_log.db, and won't be calculate again.
2026-05-23 02:26:42 [INFO] [ms_multi_process.py:76] - StarsLogCalCulator process data finished, execute time is 0.002 s
2026-05-23 02:26:42 [INFO] [chip6_pmu_calculator.py:113] - The Table MetricSummary already exists in the metric_summary.db, and won't be calculate again.
2026-05-23 02:26:42 [WARNING] [chip6_pmu_calculator.py:134] - No ai core pmu data found, data list is empty!
2026-05-23 02:26:42 [WARNING] [ffts_pmu_model.py:68] - ffts pmu data is empty, no data found.
2026-05-23 02:26:42 [WARNING] [ffts_pmu_model.py:106] - ffts pmu block data is empty, no data found.
2026-05-23 02:26:42 [INFO] [ms_multi_process.py:76] - Chip6PmuCalculator process data finished, execute time is 0.004 s
2026-05-23 02:26:42 [WARNING] [sub_task_calculator.py:142] - calculate subtask failed, maybe the data is not in fftsplus mode
2026-05-23 02:26:42 [INFO] [ms_multi_process.py:76] - SubTaskCalculator process data finished, execute time is 0.002 s
2026-05-23 02:26:42 [INFO] [ascend_task_calculator.py:85] - Found table AscendTask in operator scene, no need to generate again
2026-05-23 02:26:42 [INFO] [ms_multi_process.py:76] - AscendTaskCalculator process data finished, execute time is 0.002 s
2026-05-23 02:26:42 [INFO] [ms_multi_process.py:76] - HcclCalculator process data finished, execute time is 0.001 s
2026-05-23 02:26:42 [INFO] [ms_multi_process.py:76] - KfcCalculator process data finished, execute time is 0.001 s
2026-05-23 02:26:42 [INFO] [ms_multi_process.py:76] - ParseAiCoreOpSummaryCalculator process data finished, execute time is 0.001 s
2026-05-23 02:26:42 [INFO] [op_summary_op_scene_calculator.py:79] - The db ai_core_op_summary.db already exists, and won't create again.
2026-05-23 02:26:42 [INFO] [ms_multi_process.py:76] - OpSummaryOpSceneCalculator process data finished, execute time is 0.001 s
2026-05-23 02:26:42 [INFO] [ms_multi_process.py:76] - MergeOpCounterCalculator process data finished, execute time is 0.001 s
2026-05-23 02:26:42 [INFO] [ms_multi_process.py:76] - OpCounterOpSceneCalculator process data finished, execute time is 0.001 s
2026-05-23 02:26:42 [INFO] [msprof_c_interface.py:63] - Summary will be export by msprof_analysis.so!
2026-05-23 02:26:42 [WARNING] [base_model.py:75] - Table step_trace_data not found.
2026-05-23 02:26:42 [WARNING] [base_model.py:75] - Table step_trace_data not found.
2026-05-23 02:26:42 [INFO] [profiling_scene.py:71] - Current scene of data is based on single_op
