2026-05-23 02:26:41 [INFO] [info_conf_reader.py:421] - No host frequency, or the frequency is invalid.
2026-05-23 02:26:41 [INFO] [ms_multi_process.py:76] - CpuUsageAnalysis process data finished, execute time is 0.002 s
2026-05-23 02:26:41 [INFO] [ms_multi_process.py:76] - NetworkUsageAnalysis process data finished, execute time is 0.002 s
2026-05-23 02:26:41 [INFO] [ms_multi_process.py:76] - MemUsageAnalysis process data finished, execute time is 0.002 s
2026-05-23 02:26:41 [INFO] [ms_multi_process.py:76] - DiskUsageAnalysis process data finished, execute time is 0.002 s
2026-05-23 02:26:41 [INFO] [ms_multi_process.py:76] - HostSyscallAnalysis process data finished, execute time is 0.002 s
2026-05-23 02:26:41 [INFO] [ms_multi_process.py:76] - HostPlatformAnalysis process data finished, execute time is 0.002 s
2026-05-23 02:26:41 [INFO] [collection_engine.py:97] - Database process finished.
2026-05-23 02:26:41 [INFO] [collection_engine.py:98] - Analysis finished.
2026-05-23 02:26:41 [INFO] [ms_multi_process.py:76] - ParsingMemoryData process data finished, execute time is 0.001 s
2026-05-23 02:26:41 [INFO] [ms_multi_process.py:76] - NpuOpMemParser process data finished, execute time is 0.001 s
2026-05-23 02:26:41 [INFO] [ms_multi_process.py:76] - ParsingCpuUsageData process data finished, execute time is 0.002 s
2026-05-23 02:26:41 [INFO] [hash_dic_parser.py:56] - start parsing hash data file: unaging.additional.type_info_dic.slice_0
2026-05-23 02:26:41 [INFO] [ccu_add_info_parser.py:254] - Start parsing ccu add info data file.
2026-05-23 02:26:41 [INFO] [ccu_add_info_parser.py:259] - Create ccu add info table finished!
2026-05-23 02:26:41 [INFO] [ms_multi_process.py:76] - CCUAddInfoParser process data finished, execute time is 0.001 s
2026-05-23 02:26:41 [INFO] [ms_multi_process.py:76] - Mc2CommInfoParser process data finished, execute time is 0.002 s
2026-05-23 02:26:41 [INFO] [hash_dic_parser.py:56] - start parsing hash data file: unaging.additional.hash_dic.slice_0
2026-05-23 02:26:41 [INFO] [ms_multi_process.py:76] - HashDicParser process data finished, execute time is 0.010 s
2026-05-23 02:26:41 [INFO] [ms_multi_process.py:76] - CaptureStreamInfoParser process data finished, execute time is 0.001 s
2026-05-23 02:26:41 [INFO] [api_event_parser.py:66] - start parsing api_event data file: aging.api_event.data.slice_0
2026-05-23 02:26:41 [INFO] [ms_multi_process.py:76] - HcclInfoParser process data finished, execute time is 0.001 s
2026-05-23 02:26:41 [INFO] [task_track_parser.py:199] - start parsing task track data, files: ['aging.compact.task_track.slice_0']
2026-05-23 02:26:41 [INFO] [api_event_parser.py:66] - start parsing api_event data file: unaging.api_event.data.slice_0
2026-05-23 02:26:41 [INFO] [tensor_add_info_parser.py:115] - No ge tensor info data, exit without parser running.
2026-05-23 02:26:41 [INFO] [ms_multi_process.py:76] - TensorAddInfoParser process data finished, execute time is 0.001 s
2026-05-23 02:26:41 [INFO] [ms_multi_process.py:76] - FusionAddInfoParser process data finished, execute time is 0.001 s
2026-05-23 02:26:41 [INFO] [ms_multi_process.py:76] - GraphAddInfoParser process data finished, execute time is 0.002 s
2026-05-23 02:26:41 [INFO] [data_parser.py:122] - start to process the file: unaging.compact.node_basic_info.slice_0
2026-05-23 02:26:41 [INFO] [ms_multi_process.py:76] - RuntimeOpInfoParser process data finished, execute time is 0.001 s
2026-05-23 02:26:41 [INFO] [ms_multi_process.py:76] - DPUHcclInfoParser process data finished, execute time is 0.001 s
2026-05-23 02:26:41 [INFO] [ms_multi_process.py:76] - NodeAttrInfoParser process data finished, execute time is 0.002 s
2026-05-23 02:26:41 [INFO] [data_parser.py:122] - start to process the file: aging.compact.task_track.slice_0
2026-05-23 02:26:41 [INFO] [ms_multi_process.py:76] - HcclOpInfoParser process data finished, execute time is 0.002 s
2026-05-23 02:26:41 [INFO] [ms_multi_process.py:76] - ApiEventParser process data finished, execute time is 0.008 s
2026-05-23 02:26:41 [INFO] [ms_multi_process.py:76] - TaskTrackParser process data finished, execute time is 0.009 s
2026-05-23 02:26:41 [INFO] [ms_multi_process.py:76] - NodeBasicInfoParser process data finished, execute time is 0.009 s
2026-05-23 02:26:41 [INFO] [ms_multi_process.py:76] - HCCLOperatorParser process data finished, execute time is 0.001 s
2026-05-23 02:26:41 [INFO] [cann_calculator.py:82] - start to analysis cann software callstack
2026-05-23 02:26:41 [WARNING] [cann_calculator.py:87] - Data will not be parsed by msprof_analysis.so!
2026-05-23 02:26:41 [INFO] [cann_analysis_chain.py:64] - Finish build event tree for thread 200967
2026-05-23 02:26:41 [INFO] [ms_multi_process.py:76] - CANNCalculator process data finished, execute time is 0.031 s
2026-05-23 02:26:41 [INFO] [ms_multi_process.py:76] - MsprofTxParser process data finished, execute time is 0.001 s
2026-05-23 02:26:41 [INFO] [ms_multi_process.py:76] - StaticOpMemParser process data finished, execute time is 0.001 s
2026-05-23 02:26:41 [INFO] [ms_multi_process.py:76] - NpuOpMemCalculator process data finished, execute time is 0.001 s
2026-05-23 02:26:42 [INFO] [info_conf_reader.py:421] - No host frequency, or the frequency is invalid.
2026-05-23 02:26:42 [WARNING] [file_manager.py:98] - Data has been analyzed, path is /home/tmp/asc-devkit/experiment/simt_experiment/fixed_shape_scatter_lxn/build/prof_scatter/PROF_000001_20260523022634265_00200967GLIFJHGQ/host, there are ['ge_hash.db', 'api_event.db', 'node_basic_info.db', 'rts_track.db', 'ge_host_info.db', 'ge_info.db', 'runtime.db', 'metric_summary.db'] in sqlite.
2026-05-23 02:26:42 [WARNING] [msprof_export.py:479] - File all_file.complete already exists. All data will be exported from db in sqlite. Path is /home/tmp/asc-devkit/experiment/simt_experiment/fixed_shape_scatter_lxn/build/prof_scatter/PROF_000001_20260523022634265_00200967GLIFJHGQ/host 
2026-05-23 02:26:42 [INFO] [ms_multi_process.py:76] - NpuOpMemCalculator process data finished, execute time is 0.001 s
